# JRE version: OpenJDK Runtime Environment (8.0_242-b01) (build 1.8.0_242-release-1644-b01)
# Java VM: OpenJDK 64-Bit Server VM (25.242-b01 mixed mode windows-amd64 compressed oops)
Heap:
 PSYoungGen      total 645632K, used 534546K [0x00000000d5580000, 0x00000000ffb00000, 0x0000000100000000)
  eden space 596992K, 85% used [0x00000000d5580000,0x00000000f47c7a28,0x00000000f9c80000)
  from space 48640K, 49% used [0x00000000fcb80000,0x00000000fe33d0b8,0x00000000ffb00000)
  to   space 48128K, 0% used [0x00000000f9c80000,0x00000000f9c80000,0x00000000fcb80000)
 ParOldGen       total 374784K, used 90456K [0x0000000080000000, 0x0000000096e00000, 0x00000000d5580000)
  object space 374784K, 24% used [0x0000000080000000,0x0000000085856130,0x0000000096e00000)
 Metaspace       used 97317K, capacity 102024K, committed 102296K, reserved 1138688K
  class space    used 12720K, capacity 13612K, committed 13720K, reserved 1048576K
GC Heap History (10 events):
Event: 73.966 GC heap before
{Heap before GC invocations=18 (full 4):
 PSYoungGen      total 641024K, used 590549K [0x00000000d5580000, 0x00000000fff00000, 0x0000000100000000)
  eden space 584192K, 100% used [0x00000000d5580000,0x00000000f9000000,0x00000000f9000000)
  from space 56832K, 11% used [0x00000000f9000000,0x00000000f9635590,0x00000000fc780000)
  to   space 56832K, 0% used [0x00000000fc780000,0x00000000fc780000,0x00000000fff00000)
 ParOldGen       total 374784K, used 90432K [0x0000000080000000, 0x0000000096e00000, 0x00000000d5580000)
  object space 374784K, 24% used [0x0000000080000000,0x0000000085850130,0x0000000096e00000)
 Metaspace       used 95751K, capacity 100302K, committed 100504K, reserved 1136640K
  class space    used 12532K, capacity 13415K, committed 13464K, reserved 1048576K
Event: 73.983 GC heap after
Heap after GC invocations=18 (full 4):
 PSYoungGen      total 641024K, used 10328K [0x00000000d5580000, 0x00000000ffe00000, 0x0000000100000000)
  eden space 585216K, 0% used [0x00000000d5580000,0x00000000d5580000,0x00000000f9100000)
  from space 55808K, 18% used [0x00000000fc780000,0x00000000fd1962c0,0x00000000ffe00000)
  to   space 55808K, 0% used [0x00000000f9100000,0x00000000f9100000,0x00000000fc780000)
 ParOldGen       total 374784K, used 90440K [0x0000000080000000, 0x0000000096e00000, 0x00000000d5580000)
  object space 374784K, 24% used [0x0000000080000000,0x0000000085852130,0x0000000096e00000)
 Metaspace       used 95751K, capacity 100302K, committed 100504K, reserved 1136640K
  class space    used 12532K, capacity 13415K, committed 13464K, reserved 1048576K
}
Event: 76.438 GC heap before
{Heap before GC invocations=19 (full 4):
 PSYoungGen      total 641024K, used 595544K [0x00000000d5580000, 0x00000000ffe00000, 0x0000000100000000)
  eden space 585216K, 100% used [0x00000000d5580000,0x00000000f9100000,0x00000000f9100000)
  from space 55808K, 18% used [0x00000000fc780000,0x00000000fd1962c0,0x00000000ffe00000)
  to   space 55808K, 0% used [0x00000000f9100000,0x00000000f9100000,0x00000000fc780000)
 ParOldGen       total 374784K, used 90440K [0x0000000080000000, 0x0000000096e00000, 0x00000000d5580000)
  object space 374784K, 24% used [0x0000000080000000,0x0000000085852130,0x0000000096e00000)
 Metaspace       used 96425K, capacity 100982K, committed 101144K, reserved 1136640K
  class space    used 12609K, capacity 13493K, committed 13592K, reserved 1048576K
Event: 76.460 GC heap after
Heap after GC invocations=19 (full 4):
 PSYoungGen      total 608768K, used 23318K [0x00000000d5580000, 0x00000000ffa00000, 0x0000000100000000)
  eden space 585216K, 0% used [0x00000000d5580000,0x00000000d5580000,0x00000000f9100000)
  from space 23552K, 99% used [0x00000000f9100000,0x00000000fa7c5b58,0x00000000fa800000)
  to   space 52736K, 0% used [0x00000000fc680000,0x00000000fc680000,0x00000000ffa00000)
 ParOldGen       total 374784K, used 90448K [0x0000000080000000, 0x0000000096e00000, 0x00000000d5580000)
  object space 374784K, 24% used [0x0000000080000000,0x0000000085854130,0x0000000096e00000)
 Metaspace       used 96425K, capacity 100982K, committed 101144K, reserved 1136640K
  class space    used 12609K, capacity 13493K, committed 13592K, reserved 1048576K
}
Event: 79.684 GC heap before
{Heap before GC invocations=20 (full 4):
 PSYoungGen      total 608768K, used 608534K [0x00000000d5580000, 0x00000000ffa00000, 0x0000000100000000)
  eden space 585216K, 100% used [0x00000000d5580000,0x00000000f9100000,0x00000000f9100000)
  from space 23552K, 99% used [0x00000000f9100000,0x00000000fa7c5b58,0x00000000fa800000)
  to   space 52736K, 0% used [0x00000000fc680000,0x00000000fc680000,0x00000000ffa00000)
 ParOldGen       total 374784K, used 90448K [0x0000000080000000, 0x0000000096e00000, 0x00000000d5580000)
  object space 374784K, 24% used [0x0000000080000000,0x0000000085854130,0x0000000096e00000)
 Metaspace       used 96473K, capacity 101014K, committed 101144K, reserved 1136640K
  class space    used 12612K, capacity 13497K, committed 13592K, reserved 1048576K
Event: 79.697 GC heap after
Heap after GC invocations=20 (full 4):
 PSYoungGen      total 641536K, used 12634K [0x00000000d5580000, 0x0000000100000000, 0x0000000100000000)
  eden space 588800K, 0% used [0x00000000d5580000,0x00000000d5580000,0x00000000f9480000)
  from space 52736K, 23% used [0x00000000fc680000,0x00000000fd2d69e0,0x00000000ffa00000)
  to   space 51200K, 0% used [0x00000000f9480000,0x00000000f9480000,0x00000000fc680000)
 ParOldGen       total 374784K, used 90448K [0x0000000080000000, 0x0000000096e00000, 0x00000000d5580000)
  object space 374784K, 24% used [0x0000000080000000,0x0000000085854130,0x0000000096e00000)
 Metaspace       used 96473K, capacity 101014K, committed 101144K, reserved 1136640K
  class space    used 12612K, capacity 13497K, committed 13592K, reserved 1048576K
}
Event: 83.597 GC heap before
{Heap before GC invocations=21 (full 4):
 PSYoungGen      total 641536K, used 601434K [0x00000000d5580000, 0x0000000100000000, 0x0000000100000000)
  eden space 588800K, 100% used [0x00000000d5580000,0x00000000f9480000,0x00000000f9480000)
  from space 52736K, 23% used [0x00000000fc680000,0x00000000fd2d69e0,0x00000000ffa00000)
  to   space 51200K, 0% used [0x00000000f9480000,0x00000000f9480000,0x00000000fc680000)
 ParOldGen       total 374784K, used 90448K [0x0000000080000000, 0x0000000096e00000, 0x00000000d5580000)
  object space 374784K, 24% used [0x0000000080000000,0x0000000085854130,0x0000000096e00000)
 Metaspace       used 96535K, capacity 101086K, committed 101400K, reserved 1136640K
  class space    used 12612K, capacity 13497K, committed 13592K, reserved 1048576K
Event: 83.623 GC heap after
Heap after GC invocations=21 (full 4):
 PSYoungGen      total 640000K, used 25363K [0x00000000d5580000, 0x00000000ffc80000, 0x0000000100000000)
  eden space 588800K, 0% used [0x00000000d5580000,0x00000000d5580000,0x00000000f9480000)
  from space 51200K, 49% used [0x00000000f9480000,0x00000000fad44eb0,0x00000000fc680000)
  to   space 50176K, 0% used [0x00000000fcb80000,0x00000000fcb80000,0x00000000ffc80000)
 ParOldGen       total 374784K, used 90456K [0x0000000080000000, 0x0000000096e00000, 0x00000000d5580000)
  object space 374784K, 24% used [0x0000000080000000,0x0000000085856130,0x0000000096e00000)
 Metaspace       used 96535K, capacity 101086K, committed 101400K, reserved 1136640K
  class space    used 12612K, capacity 13497K, committed 13592K, reserved 1048576K
}
Event: 86.673 GC heap before
{Heap before GC invocations=22 (full 4):
 PSYoungGen      total 640000K, used 614163K [0x00000000d5580000, 0x00000000ffc80000, 0x0000000100000000)
  eden space 588800K, 100% used [0x00000000d5580000,0x00000000f9480000,0x00000000f9480000)
  from space 51200K, 49% used [0x00000000f9480000,0x00000000fad44eb0,0x00000000fc680000)
  to   space 50176K, 0% used [0x00000000fcb80000,0x00000000fcb80000,0x00000000ffc80000)
 ParOldGen       total 374784K, used 90456K [0x0000000080000000, 0x0000000096e00000, 0x00000000d5580000)
  object space 374784K, 24% used [0x0000000080000000,0x0000000085856130,0x0000000096e00000)
 Metaspace       used 96573K, capacity 101168K, committed 101400K, reserved 1136640K
  class space    used 12614K, capacity 13500K, committed 13592K, reserved 1048576K
Event: 86.699 GC heap after
Heap after GC invocations=22 (full 4):
 PSYoungGen      total 645632K, used 24308K [0x00000000d5580000, 0x00000000ffb00000, 0x0000000100000000)
  eden space 596992K, 0% used [0x00000000d5580000,0x00000000d5580000,0x00000000f9c80000)
  from space 48640K, 49% used [0x00000000fcb80000,0x00000000fe33d0b8,0x00000000ffb00000)
  to   space 48128K, 0% used [0x00000000f9c80000,0x00000000f9c80000,0x00000000fcb80000)
 ParOldGen       total 374784K, used 90456K [0x0000000080000000, 0x0000000096e00000, 0x00000000d5580000)
  object space 374784K, 24% used [0x0000000080000000,0x0000000085856130,0x0000000096e00000)
 Metaspace       used 96573K, capacity 101168K, committed 101400K, reserved 1136640K
  class space    used 12614K, capacity 13500K, committed 13592K, reserved 1048576K
}

